This file contains any messages produced by compilers while
running configure, to aid debugging if configure makes a mistake.

It was created by configure, which was
generated by GNU Autoconf 2.69.  Invocation command line was

  $ ./configure 

## --------- ##
## Platform. ##
## --------- ##

hostname = karak.lan
uname -m = i686
uname -r = 4.9.0-19-686-pae
uname -s = Linux
uname -v = #1 SMP Debian 4.9.320-2 (2022-06-30)

/usr/bin/uname -p = unknown
/bin/uname -X     = unknown

/bin/arch              = unknown
/usr/bin/arch -k       = unknown
/usr/convex/getsysinfo = unknown
/usr/bin/hostinfo      = unknown
/bin/machine           = unknown
/usr/bin/oslevel       = unknown
/bin/universe          = unknown

PATH: /home/pozsarzs/bin
PATH: /usr/local/bin
PATH: /usr/bin
PATH: /bin
PATH: /usr/local/games
PATH: /usr/games


## ----------- ##
## Core tests. ##
## ----------- ##

configure:1733: checking build system type
configure:1747: result: i686-pc-linux-gnu
configure:1767: checking host system type
configure:1780: result: i686-pc-linux-gnu
configure:1800: checking target system type
configure:1813: result: i686-pc-linux-gnu
configure:1843: checking for rm
configure:1861: found /bin/rm
configure:1874: result: /bin/rm
configure:1884: checking for install
configure:1902: found /usr/bin/install
configure:1915: result: /usr/bin/install
configure:1928: checking for gmake
configure:1958: result: no
configure:1928: checking for make
configure:1944: found /usr/bin/make
configure:1955: result: make
configure:1971: checking for fpc
configure:1987: found /usr/bin/fpc
configure:1998: result: fpc
configure:2012: checking for ../documents/VERSION
configure:2025: result: yes
configure:2035: checking for ../documents/copyright
configure:2048: result: yes
configure:2221: creating ./config.status

## ---------------------- ##
## Running config.status. ##
## ---------------------- ##

This file was extended by config.status, which was
generated by GNU Autoconf 2.69.  Invocation command line was

  CONFIG_FILES    = 
  CONFIG_HEADERS  = 
  CONFIG_LINKS    = 
  CONFIG_COMMANDS = 
  $ ./config.status 

on karak.lan

config.status:737: creating Makefile.global
config.status:737: creating editenvirconf/config.pas
config.status:737: creating editirrconf/config.pas
config.status:737: creating editmainconf/config.pas
config.status:737: creating override/config.pas

## ---------------- ##
## Cache variables. ##
## ---------------- ##

ac_cv_build=i686-pc-linux-gnu
ac_cv_env_build_alias_set=
ac_cv_env_build_alias_value=
ac_cv_env_host_alias_set=
ac_cv_env_host_alias_value=
ac_cv_env_target_alias_set=
ac_cv_env_target_alias_value=
ac_cv_file____documents_VERSION=yes
ac_cv_file____documents_copyright=yes
ac_cv_host=i686-pc-linux-gnu
ac_cv_path_install=/usr/bin/install
ac_cv_path_rm=/bin/rm
ac_cv_prog_hfpc=fpc
ac_cv_prog_make=make
ac_cv_target=i686-pc-linux-gnu

## ----------------- ##
## Output variables. ##
## ----------------- ##

DEFS='-DPACKAGE_NAME=\"\" -DPACKAGE_TARNAME=\"\" -DPACKAGE_VERSION=\"\" -DPACKAGE_STRING=\"\" -DPACKAGE_BUGREPORT=\"\" -DPACKAGE_URL=\"\"'
ECHO_C=''
ECHO_N='-n'
ECHO_T=''
LIBOBJS=''
LIBS=''
LTLIBOBJS=''
PACKAGE_BUGREPORT=''
PACKAGE_NAME=''
PACKAGE_STRING=''
PACKAGE_TARNAME=''
PACKAGE_URL=''
PACKAGE_VERSION=''
PATH_SEPARATOR=':'
SHELL='/bin/bash'
architecture='i386'
bindir='${exec_prefix}/bin'
build='i686-pc-linux-gnu'
build_alias=''
build_cpu='i686'
build_os='linux-gnu'
build_vendor='pc'
copyright='Copyright (C) 2020-2023 Pozsár Zsolt <pozsar.zsolt@szerafingomba.hu>'
datadir='${datarootdir}'
datarootdir='${prefix}/share'
docdir='${datarootdir}/doc/${PACKAGE}'
dvidir='${docdir}'
exec_prefix='${prefix}'
fpflag=''
hfpc='fpc'
host='i686-pc-linux-gnu'
host_alias=''
host_cpu='i686'
host_os='linux-gnu'
host_vendor='pc'
htmldir='${docdir}'
includedir='${prefix}/include'
infodir='${datarootdir}/info'
install='/usr/bin/install'
libdir='${exec_prefix}/lib'
libexecdir='${exec_prefix}/libexec'
localedir='${datarootdir}/locale'
localstatedir='${prefix}/var'
make='make'
mandir='${datarootdir}/man'
oldincludedir='/usr/include'
os='linux'
pdfdir='${docdir}'
prefix='/usr/local'
program_transform_name='s,x,x,'
psdir='${docdir}'
rm='/bin/rm'
runstatedir='${localstatedir}/run'
sbindir='${exec_prefix}/sbin'
sharedstatedir='${prefix}/com'
sysconfdir='${prefix}/etc'
target='i686-pc-linux-gnu'
target_alias=''
target_cpu='i686'
target_os='linux-gnu'
target_vendor='pc'
version='0.5'

## ----------- ##
## confdefs.h. ##
## ----------- ##

/* confdefs.h */
#define PACKAGE_NAME ""
#define PACKAGE_TARNAME ""
#define PACKAGE_VERSION ""
#define PACKAGE_STRING ""
#define PACKAGE_BUGREPORT ""
#define PACKAGE_URL ""

configure: exit 0
